\BOOKMARK [1][-]{section.1}{Introduction}{}% 1
\BOOKMARK [2][-]{subsection.1.1}{Client Background}{section.1}% 2
\BOOKMARK [2][-]{subsection.1.2}{Project Overview}{section.1}% 3
\BOOKMARK [2][-]{subsection.1.3}{Term Definitions}{section.1}% 4
\BOOKMARK [1][-]{section.2}{Team Structure}{}% 5
\BOOKMARK [2][-]{subsection.2.1}{Roles and Responsibilities}{section.2}% 6
\BOOKMARK [2][-]{subsection.2.2}{Communication Strategy}{section.2}% 7
\BOOKMARK [2][-]{subsection.2.3}{Development Strategy}{section.2}% 8
\BOOKMARK [1][-]{section.3}{General Description}{}% 9
\BOOKMARK [2][-]{subsection.3.1}{Product Perspective}{section.3}% 10
\BOOKMARK [2][-]{subsection.3.2}{Product Functions}{section.3}% 11
\BOOKMARK [2][-]{subsection.3.3}{User Characteristics}{section.3}% 12
\BOOKMARK [2][-]{subsection.3.4}{Constraints}{section.3}% 13
\BOOKMARK [2][-]{subsection.3.5}{Assumptions and Dependencies}{section.3}% 14
\BOOKMARK [1][-]{section.4}{Requirements}{}% 15
\BOOKMARK [2][-]{subsection.4.1}{Functional}{section.4}% 16
\BOOKMARK [3][-]{subsubsection.4.1.1}{Web Portal}{subsection.4.1}% 17
\BOOKMARK [3][-]{subsubsection.4.1.2}{Android Application}{subsection.4.1}% 18
\BOOKMARK [2][-]{subsection.4.2}{Non-Functional}{section.4}% 19
\BOOKMARK [2][-]{subsection.4.3}{Nice To Have}{section.4}% 20
\BOOKMARK [1][-]{section.5}{Specifications}{}% 21
\BOOKMARK [2][-]{subsection.5.1}{Functional}{section.5}% 22
\BOOKMARK [3][-]{subsubsection.5.1.1}{Web Portal}{subsection.5.1}% 23
\BOOKMARK [3][-]{subsubsection.5.1.2}{Android Application}{subsection.5.1}% 24
\BOOKMARK [2][-]{subsection.5.2}{Non-Functional}{section.5}% 25
\BOOKMARK [2][-]{subsection.5.3}{Nice To Have}{section.5}% 26
\BOOKMARK [1][-]{section.6}{Cross References}{}% 27
\BOOKMARK [2][-]{subsection.6.1}{Functional}{section.6}% 28
\BOOKMARK [3][-]{subsubsection.6.1.1}{Web Portal}{subsection.6.1}% 29
\BOOKMARK [3][-]{subsubsection.6.1.2}{Android Application}{subsection.6.1}% 30
\BOOKMARK [2][-]{subsection.6.2}{Non-Functional}{section.6}% 31
\BOOKMARK [1][-]{section.7}{Methodology}{}% 32
\BOOKMARK [2][-]{subsection.7.1}{Development Methodology}{section.7}% 33
\BOOKMARK [2][-]{subsection.7.2}{Alternative Methodologies}{section.7}% 34
\BOOKMARK [2][-]{subsection.7.3}{Software Testing}{section.7}% 35
\BOOKMARK [1][-]{section.8}{Risk Analysis}{}% 36
\BOOKMARK [2][-]{subsection.8.1}{Risk Matrix}{section.8}% 37
\BOOKMARK [2][-]{subsection.8.2}{Technical Risks}{section.8}% 38
\BOOKMARK [2][-]{subsection.8.3}{Personal Risks}{section.8}% 39
\BOOKMARK [1][-]{section.9}{Project Plan}{}% 40
\BOOKMARK [2][-]{subsection.9.1}{Milestones}{section.9}% 41
\BOOKMARK [2][-]{subsection.9.2}{Software Development}{section.9}% 42
\BOOKMARK [1][-]{section.10}{Initial Work}{}% 43
\BOOKMARK [2][-]{subsection.10.1}{Minutes of Meetings}{section.10}% 44
\BOOKMARK [2][-]{subsection.10.2}{User Interface Wire Frames}{section.10}% 45
\BOOKMARK [2][-]{subsection.10.3}{Future Work}{section.10}% 46
